This file contains any messages produced by compilers while
running configure, to aid debugging if configure makes a mistake.

It was created by StructPack configure 1.2, which was
generated by GNU Autoconf 2.65.  Invocation command line was

  $ ./configure 

## --------- ##
## Platform. ##
## --------- ##

hostname = momo
uname -m = x86_64
uname -r = 3.16.0-34-generic
uname -s = Linux
uname -v = #47-Ubuntu SMP Fri Apr 10 18:02:58 UTC 2015

/usr/bin/uname -p = unknown
/bin/uname -X     = unknown

/bin/arch              = unknown
/usr/bin/arch -k       = unknown
/usr/convex/getsysinfo = unknown
/usr/bin/hostinfo      = unknown
/bin/machine           = unknown
/usr/bin/oslevel       = unknown
/bin/universe          = unknown

PATH: /home/pilar/anaconda3/bin
PATH: /usr/local/sbin
PATH: /usr/local/bin
PATH: /usr/sbin
PATH: /usr/bin
PATH: /sbin
PATH: /bin
PATH: /usr/games
PATH: /usr/local/games


## ----------- ##
## Core tests. ##
## ----------- ##

configure:2573: checking for a BSD-compatible install
configure:2641: result: /usr/bin/install -c
configure:2652: checking whether build environment is sane
configure:2702: result: yes
configure:2843: checking for a thread-safe mkdir -p
configure:2882: result: /bin/mkdir -p
configure:2895: checking for gawk
configure:2925: result: no
configure:2895: checking for mawk
configure:2911: found /usr/bin/mawk
configure:2922: result: mawk
configure:2933: checking whether make sets $(MAKE)
configure:2955: result: yes
configure:3182: checking build system type
configure:3196: result: x86_64-unknown-linux-gnu
configure:3216: checking host system type
configure:3229: result: x86_64-unknown-linux-gnu
configure:3254: checking for grep that handles long lines and -e
configure:3312: result: /bin/grep
configure:3317: checking for egrep
configure:3379: result: /bin/grep -E
configure:3387: checking for a sed that does not truncate output
configure:3451: result: /bin/sed
configure:3518: checking for gfortran
configure:3534: found /usr/bin/gfortran
configure:3545: result: gfortran
configure:3571: checking for Fortran compiler version
configure:3580: gfortran --version >&5
GNU Fortran (Ubuntu 4.9.1-16ubuntu6) 4.9.1
Copyright (C) 2014 Free Software Foundation, Inc.

GNU Fortran comes with NO WARRANTY, to the extent permitted by law.
You may redistribute copies of GNU Fortran
under the terms of the GNU General Public License.
For more information about these matters, see the file named COPYING

configure:3591: $? = 0
configure:3580: gfortran -v >&5
Using built-in specs.
COLLECT_GCC=gfortran
COLLECT_LTO_WRAPPER=/usr/lib/gcc/x86_64-linux-gnu/4.9/lto-wrapper
Target: x86_64-linux-gnu
Configured with: ../src/configure -v --with-pkgversion='Ubuntu 4.9.1-16ubuntu6' --with-bugurl=file:///usr/share/doc/gcc-4.9/README.Bugs --enable-languages=c,c++,java,go,d,fortran,objc,obj-c++ --prefix=/usr --program-suffix=-4.9 --enable-shared --enable-linker-build-id --libexecdir=/usr/lib --without-included-gettext --enable-threads=posix --with-gxx-include-dir=/usr/include/c++/4.9 --libdir=/usr/lib --enable-nls --with-sysroot=/ --enable-clocale=gnu --enable-libstdcxx-debug --enable-libstdcxx-time=yes --enable-gnu-unique-object --disable-vtable-verify --enable-plugin --with-system-zlib --disable-browser-plugin --enable-java-awt=gtk --enable-gtk-cairo --with-java-home=/usr/lib/jvm/java-1.5.0-gcj-4.9-amd64/jre --enable-java-home --with-jvm-root-dir=/usr/lib/jvm/java-1.5.0-gcj-4.9-amd64 --with-jvm-jar-dir=/usr/lib/jvm-exports/java-1.5.0-gcj-4.9-amd64 --with-arch-directory=amd64 --with-ecj-jar=/usr/share/java/eclipse-ecj.jar --enable-objc-gc --enable-multiarch --disable-werror --with-arch-32=i686 --with-abi=m64 --with-multilib-list=m32,m64,mx32 --enable-multilib --with-tune=generic --enable-checking=release --build=x86_64-linux-gnu --host=x86_64-linux-gnu --target=x86_64-linux-gnu
Thread model: posix
gcc version 4.9.1 (Ubuntu 4.9.1-16ubuntu6) 
configure:3591: $? = 0
configure:3580: gfortran -V >&5
gfortran: error: unrecognized command line option '-V'
gfortran: fatal error: no input files
compilation terminated.
configure:3591: $? = 4
configure:3580: gfortran -qversion >&5
gfortran: error: unrecognized command line option '-qversion'
gfortran: fatal error: no input files
compilation terminated.
configure:3591: $? = 4
configure:3606: checking whether the Fortran compiler works
configure:3628: gfortran    conftest.f  >&5
configure:3632: $? = 0
configure:3681: result: yes
configure:3684: checking for Fortran compiler default output file name
configure:3686: result: a.out
configure:3692: checking for suffix of executables
configure:3699: gfortran -o conftest    conftest.f  >&5
configure:3703: $? = 0
configure:3725: result: 
configure:3741: checking whether we are cross compiling
configure:3749: gfortran -o conftest    conftest.f  >&5
configure:3753: $? = 0
configure:3760: ./conftest
configure:3764: $? = 0
configure:3779: result: no
configure:3784: checking for suffix of object files
configure:3800: gfortran -c   conftest.f >&5
configure:3804: $? = 0
configure:3825: result: o
configure:3833: checking whether we are using the GNU Fortran compiler
configure:3846: gfortran -c   conftest.F >&5
configure:3846: $? = 0
configure:3855: result: yes
configure:3861: checking whether gfortran accepts -g
configure:3872: gfortran -c -g  conftest.f >&5
configure:3872: $? = 0
configure:3880: result: yes
configure:3933: checking for gfortran version
configure:3942: result: 4.9.1
configure:4078: checking for Fortran 77 compiler version
configure:4087: gfortran --version >&5
GNU Fortran (Ubuntu 4.9.1-16ubuntu6) 4.9.1
Copyright (C) 2014 Free Software Foundation, Inc.

GNU Fortran comes with NO WARRANTY, to the extent permitted by law.
You may redistribute copies of GNU Fortran
under the terms of the GNU General Public License.
For more information about these matters, see the file named COPYING

configure:4098: $? = 0
configure:4087: gfortran -v >&5
Using built-in specs.
COLLECT_GCC=gfortran
COLLECT_LTO_WRAPPER=/usr/lib/gcc/x86_64-linux-gnu/4.9/lto-wrapper
Target: x86_64-linux-gnu
Configured with: ../src/configure -v --with-pkgversion='Ubuntu 4.9.1-16ubuntu6' --with-bugurl=file:///usr/share/doc/gcc-4.9/README.Bugs --enable-languages=c,c++,java,go,d,fortran,objc,obj-c++ --prefix=/usr --program-suffix=-4.9 --enable-shared --enable-linker-build-id --libexecdir=/usr/lib --without-included-gettext --enable-threads=posix --with-gxx-include-dir=/usr/include/c++/4.9 --libdir=/usr/lib --enable-nls --with-sysroot=/ --enable-clocale=gnu --enable-libstdcxx-debug --enable-libstdcxx-time=yes --enable-gnu-unique-object --disable-vtable-verify --enable-plugin --with-system-zlib --disable-browser-plugin --enable-java-awt=gtk --enable-gtk-cairo --with-java-home=/usr/lib/jvm/java-1.5.0-gcj-4.9-amd64/jre --enable-java-home --with-jvm-root-dir=/usr/lib/jvm/java-1.5.0-gcj-4.9-amd64 --with-jvm-jar-dir=/usr/lib/jvm-exports/java-1.5.0-gcj-4.9-amd64 --with-arch-directory=amd64 --with-ecj-jar=/usr/share/java/eclipse-ecj.jar --enable-objc-gc --enable-multiarch --disable-werror --with-arch-32=i686 --with-abi=m64 --with-multilib-list=m32,m64,mx32 --enable-multilib --with-tune=generic --enable-checking=release --build=x86_64-linux-gnu --host=x86_64-linux-gnu --target=x86_64-linux-gnu
Thread model: posix
gcc version 4.9.1 (Ubuntu 4.9.1-16ubuntu6) 
configure:4098: $? = 0
configure:4087: gfortran -V >&5
gfortran: error: unrecognized command line option '-V'
gfortran: fatal error: no input files
compilation terminated.
configure:4098: $? = 4
configure:4087: gfortran -qversion >&5
gfortran: error: unrecognized command line option '-qversion'
gfortran: fatal error: no input files
compilation terminated.
configure:4098: $? = 4
configure:4107: checking whether we are using the GNU Fortran 77 compiler
configure:4120: gfortran -c -O -Wall -std=f2003 -fall-intrinsics -ffree-line-length-none conftest.F >&5
configure:4120: $? = 0
configure:4129: result: yes
configure:4135: checking whether gfortran accepts -g
configure:4146: gfortran -c -g conftest.f >&5
configure:4146: $? = 0
configure:4154: result: yes
configure:4191: checking how to get verbose linking output from gfortran
configure:4201: gfortran -c -O -Wall -std=f2003 -fall-intrinsics -ffree-line-length-none  conftest.f >&5
configure:4201: $? = 0
configure:4219: gfortran -o conftest -O -Wall -std=f2003 -fall-intrinsics -ffree-line-length-none -v conftest.f
Using built-in specs.
Target: x86_64-linux-gnu
Configured with: ../src/configure -v --with-pkgversion='Ubuntu 4.9.1-16ubuntu6' --with-bugurl=file:///usr/share/doc/gcc-4.9/README.Bugs --enable-languages=c,c++,java,go,d,fortran,objc,obj-c++ --prefix=/usr --program-suffix=-4.9 --enable-shared --enable-linker-build-id --libexecdir=/usr/lib --without-included-gettext --enable-threads=posix --with-gxx-include-dir=/usr/include/c++/4.9 --libdir=/usr/lib --enable-nls --with-sysroot=/ --enable-clocale=gnu --enable-libstdcxx-debug --enable-libstdcxx-time=yes --enable-gnu-unique-object --disable-vtable-verify --enable-plugin --with-system-zlib --disable-browser-plugin --enable-java-awt=gtk --enable-gtk-cairo --with-java-home=/usr/lib/jvm/java-1.5.0-gcj-4.9-amd64/jre --enable-java-home --with-jvm-root-dir=/usr/lib/jvm/java-1.5.0-gcj-4.9-amd64 --with-jvm-jar-dir=/usr/lib/jvm-exports/java-1.5.0-gcj-4.9-amd64 --with-arch-directory=amd64 --with-ecj-jar=/usr/share/java/eclipse-ecj.jar --enable-objc-gc --enable-multiarch --disable-werror --with-arch-32=i686 --with-abi=m64 --with-multilib-list=m32,m64,mx32 --enable-multilib --with-tune=generic --enable-checking=release --build=x86_64-linux-gnu --host=x86_64-linux-gnu --target=x86_64-linux-gnu
Thread model: posix
gcc version 4.9.1 (Ubuntu 4.9.1-16ubuntu6) 
 /usr/lib/gcc/x86_64-linux-gnu/4.9/f951 conftest.f -ffixed-form -quiet -dumpbase conftest.f -mtune=generic -march=x86-64 -auxbase conftest -O -Wall -std=f2003 -version -fall-intrinsics -ffree-line-length-none -fintrinsic-modules-path /usr/lib/gcc/x86_64-linux-gnu/4.9/finclude -o /tmp/ccBt9Fs1.s
GNU Fortran (Ubuntu 4.9.1-16ubuntu6) version 4.9.1 (x86_64-linux-gnu)
	compiled by GNU C version 4.9.1, GMP version 6.0.0, MPFR version 3.1.2-p3, MPC version 1.0.2
GGC heuristics: --param ggc-min-expand=100 --param ggc-min-heapsize=131072
GNU Fortran (Ubuntu 4.9.1-16ubuntu6) version 4.9.1 (x86_64-linux-gnu)
	compiled by GNU C version 4.9.1, GMP version 6.0.0, MPFR version 3.1.2-p3, MPC version 1.0.2
GGC heuristics: --param ggc-min-expand=100 --param ggc-min-heapsize=131072
 as -v --64 -o /tmp/ccGWaebw.o /tmp/ccBt9Fs1.s
GNU assembler version 2.24.51 (x86_64-linux-gnu) using BFD version (GNU Binutils for Ubuntu) 2.24.90.20141014
Reading specs from /usr/lib/gcc/x86_64-linux-gnu/4.9/libgfortran.spec
rename spec lib to liborig
 /usr/lib/gcc/x86_64-linux-gnu/4.9/collect2 -plugin /usr/lib/gcc/x86_64-linux-gnu/4.9/liblto_plugin.so -plugin-opt=/usr/lib/gcc/x86_64-linux-gnu/4.9/lto-wrapper -plugin-opt=-fresolution=/tmp/cciyTqU0.res -plugin-opt=-pass-through=-lgcc_s -plugin-opt=-pass-through=-lgcc -plugin-opt=-pass-through=-lquadmath -plugin-opt=-pass-through=-lm -plugin-opt=-pass-through=-lgcc_s -plugin-opt=-pass-through=-lgcc -plugin-opt=-pass-through=-lc -plugin-opt=-pass-through=-lgcc_s -plugin-opt=-pass-through=-lgcc --sysroot=/ --build-id --eh-frame-hdr -m elf_x86_64 --hash-style=gnu --as-needed -dynamic-linker /lib64/ld-linux-x86-64.so.2 -z relro -o conftest /usr/lib/gcc/x86_64-linux-gnu/4.9/../../../x86_64-linux-gnu/crt1.o /usr/lib/gcc/x86_64-linux-gnu/4.9/../../../x86_64-linux-gnu/crti.o /usr/lib/gcc/x86_64-linux-gnu/4.9/crtbegin.o -L/usr/lib/gcc/x86_64-linux-gnu/4.9 -L/usr/lib/gcc/x86_64-linux-gnu/4.9/../../../x86_64-linux-gnu -L/usr/lib/gcc/x86_64-linux-gnu/4.9/../../../../lib -L/lib/x86_64-linux-gnu -L/lib/../lib -L/usr/lib/x86_64-linux-gnu -L/usr/lib/../lib -L/usr/lib/gcc/x86_64-linux-gnu/4.9/../../.. /tmp/ccGWaebw.o -lgfortran -lm -lgcc_s -lgcc -lquadmath -lm -lgcc_s -lgcc -lc -lgcc_s -lgcc /usr/lib/gcc/x86_64-linux-gnu/4.9/crtend.o /usr/lib/gcc/x86_64-linux-gnu/4.9/../../../x86_64-linux-gnu/crtn.o
configure:4284: result: -v
configure:4286: checking for Fortran libraries of gfortran
configure:4309: gfortran -o conftest -O -Wall -std=f2003 -fall-intrinsics -ffree-line-length-none -v conftest.f
Using built-in specs.
Target: x86_64-linux-gnu
Configured with: ../src/configure -v --with-pkgversion='Ubuntu 4.9.1-16ubuntu6' --with-bugurl=file:///usr/share/doc/gcc-4.9/README.Bugs --enable-languages=c,c++,java,go,d,fortran,objc,obj-c++ --prefix=/usr --program-suffix=-4.9 --enable-shared --enable-linker-build-id --libexecdir=/usr/lib --without-included-gettext --enable-threads=posix --with-gxx-include-dir=/usr/include/c++/4.9 --libdir=/usr/lib --enable-nls --with-sysroot=/ --enable-clocale=gnu --enable-libstdcxx-debug --enable-libstdcxx-time=yes --enable-gnu-unique-object --disable-vtable-verify --enable-plugin --with-system-zlib --disable-browser-plugin --enable-java-awt=gtk --enable-gtk-cairo --with-java-home=/usr/lib/jvm/java-1.5.0-gcj-4.9-amd64/jre --enable-java-home --with-jvm-root-dir=/usr/lib/jvm/java-1.5.0-gcj-4.9-amd64 --with-jvm-jar-dir=/usr/lib/jvm-exports/java-1.5.0-gcj-4.9-amd64 --with-arch-directory=amd64 --with-ecj-jar=/usr/share/java/eclipse-ecj.jar --enable-objc-gc --enable-multiarch --disable-werror --with-arch-32=i686 --with-abi=m64 --with-multilib-list=m32,m64,mx32 --enable-multilib --with-tune=generic --enable-checking=release --build=x86_64-linux-gnu --host=x86_64-linux-gnu --target=x86_64-linux-gnu
Thread model: posix
gcc version 4.9.1 (Ubuntu 4.9.1-16ubuntu6) 
 /usr/lib/gcc/x86_64-linux-gnu/4.9/f951 conftest.f -ffixed-form -quiet -dumpbase conftest.f -mtune=generic -march=x86-64 -auxbase conftest -O -Wall -std=f2003 -version -fall-intrinsics -ffree-line-length-none -fintrinsic-modules-path /usr/lib/gcc/x86_64-linux-gnu/4.9/finclude -o /tmp/ccAyUxW2.s
GNU Fortran (Ubuntu 4.9.1-16ubuntu6) version 4.9.1 (x86_64-linux-gnu)
	compiled by GNU C version 4.9.1, GMP version 6.0.0, MPFR version 3.1.2-p3, MPC version 1.0.2
GGC heuristics: --param ggc-min-expand=100 --param ggc-min-heapsize=131072
GNU Fortran (Ubuntu 4.9.1-16ubuntu6) version 4.9.1 (x86_64-linux-gnu)
	compiled by GNU C version 4.9.1, GMP version 6.0.0, MPFR version 3.1.2-p3, MPC version 1.0.2
GGC heuristics: --param ggc-min-expand=100 --param ggc-min-heapsize=131072
 as -v --64 -o /tmp/ccUz7NNx.o /tmp/ccAyUxW2.s
GNU assembler version 2.24.51 (x86_64-linux-gnu) using BFD version (GNU Binutils for Ubuntu) 2.24.90.20141014
Reading specs from /usr/lib/gcc/x86_64-linux-gnu/4.9/libgfortran.spec
rename spec lib to liborig
 /usr/lib/gcc/x86_64-linux-gnu/4.9/collect2 -plugin /usr/lib/gcc/x86_64-linux-gnu/4.9/liblto_plugin.so -plugin-opt=/usr/lib/gcc/x86_64-linux-gnu/4.9/lto-wrapper -plugin-opt=-fresolution=/tmp/ccJEEYF2.res -plugin-opt=-pass-through=-lgcc_s -plugin-opt=-pass-through=-lgcc -plugin-opt=-pass-through=-lquadmath -plugin-opt=-pass-through=-lm -plugin-opt=-pass-through=-lgcc_s -plugin-opt=-pass-through=-lgcc -plugin-opt=-pass-through=-lc -plugin-opt=-pass-through=-lgcc_s -plugin-opt=-pass-through=-lgcc --sysroot=/ --build-id --eh-frame-hdr -m elf_x86_64 --hash-style=gnu --as-needed -dynamic-linker /lib64/ld-linux-x86-64.so.2 -z relro -o conftest /usr/lib/gcc/x86_64-linux-gnu/4.9/../../../x86_64-linux-gnu/crt1.o /usr/lib/gcc/x86_64-linux-gnu/4.9/../../../x86_64-linux-gnu/crti.o /usr/lib/gcc/x86_64-linux-gnu/4.9/crtbegin.o -L/usr/lib/gcc/x86_64-linux-gnu/4.9 -L/usr/lib/gcc/x86_64-linux-gnu/4.9/../../../x86_64-linux-gnu -L/usr/lib/gcc/x86_64-linux-gnu/4.9/../../../../lib -L/lib/x86_64-linux-gnu -L/lib/../lib -L/usr/lib/x86_64-linux-gnu -L/usr/lib/../lib -L/usr/lib/gcc/x86_64-linux-gnu/4.9/../../.. /tmp/ccUz7NNx.o -lgfortran -lm -lgcc_s -lgcc -lquadmath -lm -lgcc_s -lgcc -lc -lgcc_s -lgcc /usr/lib/gcc/x86_64-linux-gnu/4.9/crtend.o /usr/lib/gcc/x86_64-linux-gnu/4.9/../../../x86_64-linux-gnu/crtn.o
configure:4483: result:  -L/usr/lib/gcc/x86_64-linux-gnu/4.9 -L/usr/lib/gcc/x86_64-linux-gnu/4.9/../../../x86_64-linux-gnu -L/usr/lib/gcc/x86_64-linux-gnu/4.9/../../../../lib -L/lib/x86_64-linux-gnu -L/lib/../lib -L/usr/lib/x86_64-linux-gnu -L/usr/lib/../lib -L/usr/lib/gcc/x86_64-linux-gnu/4.9/../../.. -lgfortran -lm -lquadmath
configure:4557: checking for gcc
configure:4573: found /usr/bin/gcc
configure:4584: result: gcc
configure:4615: checking for C compiler version
configure:4624: gcc --version >&5
gcc (Ubuntu 4.9.1-16ubuntu6) 4.9.1
Copyright (C) 2014 Free Software Foundation, Inc.
This is free software; see the source for copying conditions.  There is NO
warranty; not even for MERCHANTABILITY or FITNESS FOR A PARTICULAR PURPOSE.

configure:4635: $? = 0
configure:4624: gcc -v >&5
Using built-in specs.
COLLECT_GCC=gcc
COLLECT_LTO_WRAPPER=/usr/lib/gcc/x86_64-linux-gnu/4.9/lto-wrapper
Target: x86_64-linux-gnu
Configured with: ../src/configure -v --with-pkgversion='Ubuntu 4.9.1-16ubuntu6' --with-bugurl=file:///usr/share/doc/gcc-4.9/README.Bugs --enable-languages=c,c++,java,go,d,fortran,objc,obj-c++ --prefix=/usr --program-suffix=-4.9 --enable-shared --enable-linker-build-id --libexecdir=/usr/lib --without-included-gettext --enable-threads=posix --with-gxx-include-dir=/usr/include/c++/4.9 --libdir=/usr/lib --enable-nls --with-sysroot=/ --enable-clocale=gnu --enable-libstdcxx-debug --enable-libstdcxx-time=yes --enable-gnu-unique-object --disable-vtable-verify --enable-plugin --with-system-zlib --disable-browser-plugin --enable-java-awt=gtk --enable-gtk-cairo --with-java-home=/usr/lib/jvm/java-1.5.0-gcj-4.9-amd64/jre --enable-java-home --with-jvm-root-dir=/usr/lib/jvm/java-1.5.0-gcj-4.9-amd64 --with-jvm-jar-dir=/usr/lib/jvm-exports/java-1.5.0-gcj-4.9-amd64 --with-arch-directory=amd64 --with-ecj-jar=/usr/share/java/eclipse-ecj.jar --enable-objc-gc --enable-multiarch --disable-werror --with-arch-32=i686 --with-abi=m64 --with-multilib-list=m32,m64,mx32 --enable-multilib --with-tune=generic --enable-checking=release --build=x86_64-linux-gnu --host=x86_64-linux-gnu --target=x86_64-linux-gnu
Thread model: posix
gcc version 4.9.1 (Ubuntu 4.9.1-16ubuntu6) 
configure:4635: $? = 0
configure:4624: gcc -V >&5
gcc: error: unrecognized command line option '-V'
gcc: fatal error: no input files
compilation terminated.
configure:4635: $? = 4
configure:4624: gcc -qversion >&5
gcc: error: unrecognized command line option '-qversion'
gcc: fatal error: no input files
compilation terminated.
configure:4635: $? = 4
configure:4639: checking whether we are using the GNU C compiler
configure:4658: gcc -c   conftest.c >&5
configure:4658: $? = 0
configure:4667: result: yes
configure:4676: checking whether gcc accepts -g
configure:4696: gcc -c -g  conftest.c >&5
configure:4696: $? = 0
configure:4737: result: yes
configure:4754: checking for gcc option to accept ISO C89
configure:4818: gcc  -c   conftest.c >&5
configure:4818: $? = 0
configure:4831: result: none needed
configure:4862: checking for style of include used by make
configure:4890: result: GNU
configure:4915: checking dependency style of gcc
configure:5025: result: gcc3
configure:5066: checking how to run the C preprocessor
configure:5097: gcc -E  conftest.c
configure:5097: $? = 0
configure:5111: gcc -E  conftest.c
conftest.c:11:28: fatal error: ac_nonexistent.h: No such file or directory
 #include <ac_nonexistent.h>
                            ^
compilation terminated.
configure:5111: $? = 1
configure: failed program was:
| /* confdefs.h */
| #define PACKAGE_NAME "StructPack"
| #define PACKAGE_TARNAME "structpack"
| #define PACKAGE_VERSION "1.2"
| #define PACKAGE_STRING "StructPack 1.2"
| #define PACKAGE_BUGREPORT "structpack@gmail.com"
| #define PACKAGE_URL ""
| #define PACKAGE "structpack"
| #define VERSION "1.2"
| /* end confdefs.h.  */
| #include <ac_nonexistent.h>
configure:5136: result: gcc -E
configure:5156: gcc -E  conftest.c
configure:5156: $? = 0
configure:5170: gcc -E  conftest.c
conftest.c:11:28: fatal error: ac_nonexistent.h: No such file or directory
 #include <ac_nonexistent.h>
                            ^
compilation terminated.
configure:5170: $? = 1
configure: failed program was:
| /* confdefs.h */
| #define PACKAGE_NAME "StructPack"
| #define PACKAGE_TARNAME "structpack"
| #define PACKAGE_VERSION "1.2"
| #define PACKAGE_STRING "StructPack 1.2"
| #define PACKAGE_BUGREPORT "structpack@gmail.com"
| #define PACKAGE_URL ""
| #define PACKAGE "structpack"
| #define VERSION "1.2"
| /* end confdefs.h.  */
| #include <ac_nonexistent.h>
configure:5199: checking for ANSI C header files
configure:5219: gcc -c -O -Wall -std=c89  conftest.c >&5
configure:5219: $? = 0
configure:5292: gcc -o conftest -O -Wall -std=c89   conftest.c  >&5
configure:5292: $? = 0
configure:5292: ./conftest
configure:5292: $? = 0
configure:5303: result: yes
configure:5316: checking for sys/types.h
configure:5316: gcc -c -O -Wall -std=c89  conftest.c >&5
configure:5316: $? = 0
configure:5316: result: yes
configure:5316: checking for sys/stat.h
configure:5316: gcc -c -O -Wall -std=c89  conftest.c >&5
configure:5316: $? = 0
configure:5316: result: yes
configure:5316: checking for stdlib.h
configure:5316: gcc -c -O -Wall -std=c89  conftest.c >&5
configure:5316: $? = 0
configure:5316: result: yes
configure:5316: checking for string.h
configure:5316: gcc -c -O -Wall -std=c89  conftest.c >&5
configure:5316: $? = 0
configure:5316: result: yes
configure:5316: checking for memory.h
configure:5316: gcc -c -O -Wall -std=c89  conftest.c >&5
configure:5316: $? = 0
configure:5316: result: yes
configure:5316: checking for strings.h
configure:5316: gcc -c -O -Wall -std=c89  conftest.c >&5
configure:5316: $? = 0
configure:5316: result: yes
configure:5316: checking for inttypes.h
configure:5316: gcc -c -O -Wall -std=c89  conftest.c >&5
configure:5316: $? = 0
configure:5316: result: yes
configure:5316: checking for stdint.h
configure:5316: gcc -c -O -Wall -std=c89  conftest.c >&5
configure:5316: $? = 0
configure:5316: result: yes
configure:5316: checking for unistd.h
configure:5316: gcc -c -O -Wall -std=c89  conftest.c >&5
configure:5316: $? = 0
configure:5316: result: yes
configure:5331: checking sched.h usability
configure:5331: gcc -c -O -Wall -std=c89  conftest.c >&5
configure:5331: $? = 0
configure:5331: result: yes
configure:5331: checking sched.h presence
configure:5331: gcc -E  conftest.c
configure:5331: $? = 0
configure:5331: result: yes
configure:5331: checking for sched.h
configure:5331: result: yes
configure:5382: checking for a sed that does not truncate output
configure:5446: result: /bin/sed
configure:5464: checking for fgrep
configure:5526: result: /bin/grep -F
configure:5561: checking for ld used by gcc
configure:5628: result: /usr/bin/ld
configure:5635: checking if the linker (/usr/bin/ld) is GNU ld
configure:5650: result: yes
configure:5662: checking for BSD- or MS-compatible name lister (nm)
configure:5711: result: /usr/bin/nm -B
configure:5829: checking the name lister (/usr/bin/nm -B) interface
configure:5836: gcc -c -O -Wall -std=c89 -DschedYes  conftest.c >&5
configure:5839: /usr/bin/nm -B "conftest.o"
configure:5842: output
0000000000000000 B some_variable
configure:5849: result: BSD nm
configure:5852: checking whether ln -s works
configure:5856: result: yes
configure:5864: checking the maximum length of command line arguments
configure:5984: result: 1572864
configure:6001: checking whether the shell understands some XSI constructs
configure:6011: result: yes
configure:6015: checking whether the shell understands "+="
configure:6021: result: yes
configure:6056: checking for /usr/bin/ld option to reload object files
configure:6063: result: -r
configure:6132: checking for objdump
configure:6148: found /usr/bin/objdump
configure:6159: result: objdump
configure:6191: checking how to recognize dependent libraries
configure:6387: result: pass_all
configure:6447: checking for ar
configure:6463: found /usr/bin/ar
configure:6474: result: ar
configure:6552: checking for strip
configure:6568: found /usr/bin/strip
configure:6579: result: strip
configure:6651: checking for ranlib
configure:6667: found /usr/bin/ranlib
configure:6678: result: ranlib
configure:6768: checking command to parse /usr/bin/nm -B output from gcc object
configure:6886: gcc -c -O -Wall -std=c89 -DschedYes  conftest.c >&5
configure:6889: $? = 0
configure:6893: /usr/bin/nm -B conftest.o \| sed -n -e 's/^.*[	 ]\([ABCDGIRSTW][ABCDGIRSTW]*\)[	 ][	 ]*\([_A-Za-z][_A-Za-z0-9]*\)$/\1 \2 \2/p' \> conftest.nm
configure:6896: $? = 0
configure:6950: gcc -o conftest -O -Wall -std=c89 -DschedYes   conftest.c conftstm.o >&5
configure:6953: $? = 0
configure:6991: result: ok
configure:7086: gcc -c -O -Wall -std=c89 -DschedYes  conftest.c >&5
configure:7089: $? = 0
configure:7796: checking for dlfcn.h
configure:7796: gcc -c -O -Wall -std=c89 -DschedYes  conftest.c >&5
configure:7796: $? = 0
configure:7796: result: yes
configure:7915: checking for Fortran 77 compiler version
configure:7924: gfortran --version >&5
GNU Fortran (Ubuntu 4.9.1-16ubuntu6) 4.9.1
Copyright (C) 2014 Free Software Foundation, Inc.

GNU Fortran comes with NO WARRANTY, to the extent permitted by law.
You may redistribute copies of GNU Fortran
under the terms of the GNU General Public License.
For more information about these matters, see the file named COPYING

configure:7935: $? = 0
configure:7924: gfortran -v >&5
Using built-in specs.
COLLECT_GCC=gfortran
COLLECT_LTO_WRAPPER=/usr/lib/gcc/x86_64-linux-gnu/4.9/lto-wrapper
Target: x86_64-linux-gnu
Configured with: ../src/configure -v --with-pkgversion='Ubuntu 4.9.1-16ubuntu6' --with-bugurl=file:///usr/share/doc/gcc-4.9/README.Bugs --enable-languages=c,c++,java,go,d,fortran,objc,obj-c++ --prefix=/usr --program-suffix=-4.9 --enable-shared --enable-linker-build-id --libexecdir=/usr/lib --without-included-gettext --enable-threads=posix --with-gxx-include-dir=/usr/include/c++/4.9 --libdir=/usr/lib --enable-nls --with-sysroot=/ --enable-clocale=gnu --enable-libstdcxx-debug --enable-libstdcxx-time=yes --enable-gnu-unique-object --disable-vtable-verify --enable-plugin --with-system-zlib --disable-browser-plugin --enable-java-awt=gtk --enable-gtk-cairo --with-java-home=/usr/lib/jvm/java-1.5.0-gcj-4.9-amd64/jre --enable-java-home --with-jvm-root-dir=/usr/lib/jvm/java-1.5.0-gcj-4.9-amd64 --with-jvm-jar-dir=/usr/lib/jvm-exports/java-1.5.0-gcj-4.9-amd64 --with-arch-directory=amd64 --with-ecj-jar=/usr/share/java/eclipse-ecj.jar --enable-objc-gc --enable-multiarch --disable-werror --with-arch-32=i686 --with-abi=m64 --with-multilib-list=m32,m64,mx32 --enable-multilib --with-tune=generic --enable-checking=release --build=x86_64-linux-gnu --host=x86_64-linux-gnu --target=x86_64-linux-gnu
Thread model: posix
gcc version 4.9.1 (Ubuntu 4.9.1-16ubuntu6) 
configure:7935: $? = 0
configure:7924: gfortran -V >&5
gfortran: error: unrecognized command line option '-V'
gfortran: fatal error: no input files
compilation terminated.
configure:7935: $? = 4
configure:7924: gfortran -qversion >&5
gfortran: error: unrecognized command line option '-qversion'
gfortran: fatal error: no input files
compilation terminated.
configure:7935: $? = 4
configure:7944: checking whether we are using the GNU Fortran 77 compiler
configure:7966: result: yes
configure:7972: checking whether gfortran accepts -g
configure:7991: result: yes
configure:8134: checking for Fortran compiler version
configure:8143: gfortran --version >&5
GNU Fortran (Ubuntu 4.9.1-16ubuntu6) 4.9.1
Copyright (C) 2014 Free Software Foundation, Inc.

GNU Fortran comes with NO WARRANTY, to the extent permitted by law.
You may redistribute copies of GNU Fortran
under the terms of the GNU General Public License.
For more information about these matters, see the file named COPYING

configure:8154: $? = 0
configure:8143: gfortran -v >&5
Using built-in specs.
COLLECT_GCC=gfortran
COLLECT_LTO_WRAPPER=/usr/lib/gcc/x86_64-linux-gnu/4.9/lto-wrapper
Target: x86_64-linux-gnu
Configured with: ../src/configure -v --with-pkgversion='Ubuntu 4.9.1-16ubuntu6' --with-bugurl=file:///usr/share/doc/gcc-4.9/README.Bugs --enable-languages=c,c++,java,go,d,fortran,objc,obj-c++ --prefix=/usr --program-suffix=-4.9 --enable-shared --enable-linker-build-id --libexecdir=/usr/lib --without-included-gettext --enable-threads=posix --with-gxx-include-dir=/usr/include/c++/4.9 --libdir=/usr/lib --enable-nls --with-sysroot=/ --enable-clocale=gnu --enable-libstdcxx-debug --enable-libstdcxx-time=yes --enable-gnu-unique-object --disable-vtable-verify --enable-plugin --with-system-zlib --disable-browser-plugin --enable-java-awt=gtk --enable-gtk-cairo --with-java-home=/usr/lib/jvm/java-1.5.0-gcj-4.9-amd64/jre --enable-java-home --with-jvm-root-dir=/usr/lib/jvm/java-1.5.0-gcj-4.9-amd64 --with-jvm-jar-dir=/usr/lib/jvm-exports/java-1.5.0-gcj-4.9-amd64 --with-arch-directory=amd64 --with-ecj-jar=/usr/share/java/eclipse-ecj.jar --enable-objc-gc --enable-multiarch --disable-werror --with-arch-32=i686 --with-abi=m64 --with-multilib-list=m32,m64,mx32 --enable-multilib --with-tune=generic --enable-checking=release --build=x86_64-linux-gnu --host=x86_64-linux-gnu --target=x86_64-linux-gnu
Thread model: posix
gcc version 4.9.1 (Ubuntu 4.9.1-16ubuntu6) 
configure:8154: $? = 0
configure:8143: gfortran -V >&5
gfortran: error: unrecognized command line option '-V'
gfortran: fatal error: no input files
compilation terminated.
configure:8154: $? = 4
configure:8143: gfortran -qversion >&5
gfortran: error: unrecognized command line option '-qversion'
gfortran: fatal error: no input files
compilation terminated.
configure:8154: $? = 4
configure:8163: checking whether we are using the GNU Fortran compiler
configure:8185: result: yes
configure:8191: checking whether gfortran accepts -g
configure:8210: result: yes
configure:8412: checking for objdir
configure:8427: result: .libs
configure:8719: checking if gcc supports -fno-rtti -fno-exceptions
configure:8737: gcc -c -O -Wall -std=c89 -DschedYes  -fno-rtti -fno-exceptions conftest.c >&5
cc1: warning: command line option '-fno-rtti' is valid for C++/ObjC++ but not for C
configure:8741: $? = 0
configure:8754: result: no
configure:8774: checking for gcc option to produce PIC
configure:9046: result: -fPIC -DPIC
configure:9058: checking if gcc PIC flag -fPIC -DPIC works
configure:9076: gcc -c -O -Wall -std=c89 -DschedYes  -fPIC -DPIC -DPIC conftest.c >&5
configure:9080: $? = 0
configure:9093: result: yes
configure:9117: checking if gcc static flag -static works
configure:9145: result: yes
configure:9160: checking if gcc supports -c -o file.o
configure:9181: gcc -c -O -Wall -std=c89 -DschedYes  -o out/conftest2.o conftest.c >&5
configure:9185: $? = 0
configure:9207: result: yes
configure:9215: checking if gcc supports -c -o file.o
configure:9262: result: yes
configure:9295: checking whether the gcc linker (/usr/bin/ld -m elf_x86_64) supports shared libraries
configure:10286: result: yes
configure:10323: checking whether -lc should be explicitly linked in
configure:10328: gcc -c -O -Wall -std=c89 -DschedYes  conftest.c >&5
configure:10331: $? = 0
configure:10346: gcc -shared conftest.o  -v -Wl,-soname -Wl,conftest -o conftest 2\>\&1 \| /bin/grep  -lc  \>/dev/null 2\>\&1
configure:10349: $? = 0
configure:10361: result: no
configure:10525: checking dynamic linker characteristics
configure:10958: gcc -o conftest -O -Wall -std=c89 -DschedYes   -Wl,-rpath -Wl,/foo conftest.c  >&5
configure:10958: $? = 0
configure:11188: result: GNU/Linux ld.so
configure:11290: checking how to hardcode library paths into programs
configure:11315: result: immediate
configure:11835: checking whether stripping libraries is possible
configure:11840: result: yes
configure:11875: checking if libtool supports shared libraries
configure:11877: result: yes
configure:11880: checking whether to build shared libraries
configure:11901: result: yes
configure:11904: checking whether to build static libraries
configure:11908: result: yes
configure:12026: checking if libtool supports shared libraries
configure:12028: result: yes
configure:12031: checking whether to build shared libraries
configure:12051: result: yes
configure:12054: checking whether to build static libraries
configure:12058: result: yes
configure:12072: checking for gfortran option to produce PIC
configure:12344: result: -fPIC
configure:12353: checking if gfortran PIC flag -fPIC works
configure:12371: gfortran -c -O -Wall -std=f2003 -fall-intrinsics -ffree-line-length-none -DschedYes -fPIC conftest.f >&5
configure:12375: $? = 0
configure:12388: result: yes
configure:12409: checking if gfortran static flag -static works
configure:12437: result: yes
configure:12449: checking if gfortran supports -c -o file.o
configure:12470: gfortran -c -O -Wall -std=f2003 -fall-intrinsics -ffree-line-length-none -DschedYes -o out/conftest2.o conftest.f >&5
configure:12474: $? = 0
configure:12496: result: yes
configure:12501: checking if gfortran supports -c -o file.o
configure:12548: result: yes
configure:12578: checking whether the gfortran linker (/usr/bin/ld -m elf_x86_64) supports shared libraries
configure:13556: result: yes
configure:13693: checking dynamic linker characteristics
configure:14068: gfortran -o conftest -O -Wall -std=f2003 -fall-intrinsics -ffree-line-length-none -DschedYes  -Wl,-rpath -Wl,/foo conftest.f  >&5
configure:14068: $? = 0
configure:14298: result: GNU/Linux ld.so
configure:14349: checking how to hardcode library paths into programs
configure:14374: result: immediate
configure:14510: checking if libtool supports shared libraries
configure:14512: result: yes
configure:14515: checking whether to build shared libraries
configure:14535: result: yes
configure:14538: checking whether to build static libraries
configure:14542: result: yes
configure:14568: gfortran -c -O -Wall -std=f2003 -fall-intrinsics -ffree-line-length-none -DschedYes  conftest.f >&5
configure:14571: $? = 0
configure:14699: checking for gfortran option to produce PIC
configure:14971: result: -fPIC
configure:14980: checking if gfortran PIC flag -fPIC works
configure:14998: gfortran -c -O -Wall -std=f2003 -fall-intrinsics -ffree-line-length-none -DschedYes -fPIC  conftest.f >&5
configure:15002: $? = 0
configure:15015: result: yes
configure:15036: checking if gfortran static flag -static works
configure:15064: result: yes
configure:15076: checking if gfortran supports -c -o file.o
configure:15097: gfortran -c -O -Wall -std=f2003 -fall-intrinsics -ffree-line-length-none -DschedYes -o out/conftest2.o  conftest.f >&5
configure:15101: $? = 0
configure:15123: result: yes
configure:15128: checking if gfortran supports -c -o file.o
configure:15175: result: yes
configure:15205: checking whether the gfortran linker (/usr/bin/ld -m elf_x86_64) supports shared libraries
configure:16183: result: yes
configure:16320: checking dynamic linker characteristics
configure:16695: gfortran -o conftest -O -Wall -std=f2003 -fall-intrinsics -ffree-line-length-none -DschedYes  -Wl,-rpath -Wl,/foo  conftest.f  >&5
configure:16695: $? = 0
configure:16925: result: GNU/Linux ld.so
configure:16976: checking how to hardcode library paths into programs
configure:17001: result: immediate
configure:17051: checking whether ln -s works
configure:17055: result: yes
configure:17074: checking for dummy main to link with Fortran libraries
configure:17108: gcc -o conftest -O -Wall -std=c89 -DschedYes   conftest.c   -L/usr/lib/gcc/x86_64-linux-gnu/4.9 -L/usr/lib/gcc/x86_64-linux-gnu/4.9/../../../x86_64-linux-gnu -L/usr/lib/gcc/x86_64-linux-gnu/4.9/../../../../lib -L/lib/x86_64-linux-gnu -L/lib/../lib -L/usr/lib/x86_64-linux-gnu -L/usr/lib/../lib -L/usr/lib/gcc/x86_64-linux-gnu/4.9/../../.. -lgfortran -lm -lquadmath >&5
configure:17108: $? = 0
configure:17153: result: none
configure:17186: checking for Fortran name-mangling scheme
configure:17199: gfortran -c -O -Wall -std=f2003 -fall-intrinsics -ffree-line-length-none -DschedYes  conftest.f >&5
configure:17199: $? = 0
configure:17240: gcc -o conftest -O -Wall -std=c89 -DschedYes   conftest.c cfortran_test.o   -L/usr/lib/gcc/x86_64-linux-gnu/4.9 -L/usr/lib/gcc/x86_64-linux-gnu/4.9/../../../x86_64-linux-gnu -L/usr/lib/gcc/x86_64-linux-gnu/4.9/../../../../lib -L/lib/x86_64-linux-gnu -L/lib/../lib -L/usr/lib/x86_64-linux-gnu -L/usr/lib/../lib -L/usr/lib/gcc/x86_64-linux-gnu/4.9/../../.. -lgfortran -lm -lquadmath >&5
/tmp/ccD1tEB9.o: In function `main':
conftest.c:(.text+0xa): undefined reference to `foobar'
collect2: error: ld returned 1 exit status
configure:17240: $? = 1
configure: failed program was:
| /* confdefs.h */
| #define PACKAGE_NAME "StructPack"
| #define PACKAGE_TARNAME "structpack"
| #define PACKAGE_VERSION "1.2"
| #define PACKAGE_STRING "StructPack 1.2"
| #define PACKAGE_BUGREPORT "structpack@gmail.com"
| #define PACKAGE_URL ""
| #define PACKAGE "structpack"
| #define VERSION "1.2"
| #define STDC_HEADERS 1
| #define HAVE_SYS_TYPES_H 1
| #define HAVE_SYS_STAT_H 1
| #define HAVE_STDLIB_H 1
| #define HAVE_STRING_H 1
| #define HAVE_MEMORY_H 1
| #define HAVE_STRINGS_H 1
| #define HAVE_INTTYPES_H 1
| #define HAVE_STDINT_H 1
| #define HAVE_UNISTD_H 1
| #define HAVE_SCHED_H 1
| #define HAVE_DLFCN_H 1
| #define LT_OBJDIR ".libs/"
| /* end confdefs.h.  */
| 
| /* Override any GCC internal prototype to avoid an error.
|    Use char because int might match the return type of a GCC
|    builtin and then its argument prototype would still apply.  */
| #ifdef __cplusplus
| extern "C"
| #endif
| char foobar ();
| #ifdef FC_DUMMY_MAIN
| #ifndef FC_DUMMY_MAIN_EQ_F77
| #  ifdef __cplusplus
|      extern "C"
| #  endif
|    int FC_DUMMY_MAIN() { return 1; }
| #endif
| #endif
| int
| main ()
| {
| return foobar ();
|   ;
|   return 0;
| }
configure:17240: gcc -o conftest -O -Wall -std=c89 -DschedYes   conftest.c cfortran_test.o   -L/usr/lib/gcc/x86_64-linux-gnu/4.9 -L/usr/lib/gcc/x86_64-linux-gnu/4.9/../../../x86_64-linux-gnu -L/usr/lib/gcc/x86_64-linux-gnu/4.9/../../../../lib -L/lib/x86_64-linux-gnu -L/lib/../lib -L/usr/lib/x86_64-linux-gnu -L/usr/lib/../lib -L/usr/lib/gcc/x86_64-linux-gnu/4.9/../../.. -lgfortran -lm -lquadmath >&5
configure:17240: $? = 0
configure:17298: gcc -o conftest -O -Wall -std=c89 -DschedYes   conftest.c cfortran_test.o   -L/usr/lib/gcc/x86_64-linux-gnu/4.9 -L/usr/lib/gcc/x86_64-linux-gnu/4.9/../../../x86_64-linux-gnu -L/usr/lib/gcc/x86_64-linux-gnu/4.9/../../../../lib -L/lib/x86_64-linux-gnu -L/lib/../lib -L/usr/lib/x86_64-linux-gnu -L/usr/lib/../lib -L/usr/lib/gcc/x86_64-linux-gnu/4.9/../../.. -lgfortran -lm -lquadmath >&5
configure:17298: $? = 0
configure:17340: result: lower case, underscore, no extra underscore
configure:17501: checking for daxpy_ in -lblas
configure:17529: gcc -o conftest -O -Wall -std=c89 -DschedYes   conftest.c -lblas   -L/usr/lib/gcc/x86_64-linux-gnu/4.9 -L/usr/lib/gcc/x86_64-linux-gnu/4.9/../../../x86_64-linux-gnu -L/usr/lib/gcc/x86_64-linux-gnu/4.9/../../../../lib -L/lib/x86_64-linux-gnu -L/lib/../lib -L/usr/lib/x86_64-linux-gnu -L/usr/lib/../lib -L/usr/lib/gcc/x86_64-linux-gnu/4.9/../../.. -lgfortran -lm -lquadmath >&5
configure:17529: $? = 0
configure:17536: result: yes
configure:17590: checking for dgesv_ in -llapack -lblas
configure:17618: gcc -o conftest -O -Wall -std=c89 -DschedYes   conftest.c -llapack -lblas   -L/usr/lib/gcc/x86_64-linux-gnu/4.9 -L/usr/lib/gcc/x86_64-linux-gnu/4.9/../../../x86_64-linux-gnu -L/usr/lib/gcc/x86_64-linux-gnu/4.9/../../../../lib -L/lib/x86_64-linux-gnu -L/lib/../lib -L/usr/lib/x86_64-linux-gnu -L/usr/lib/../lib -L/usr/lib/gcc/x86_64-linux-gnu/4.9/../../.. -lgfortran -lm -lquadmath >&5
configure:17618: $? = 0
configure:17625: result: yes
configure:17899: checking sys/time.h usability
configure:17899: gcc -c -O -Wall -std=c89 -DschedYes  conftest.c >&5
configure:17899: $? = 0
configure:17899: result: yes
configure:17899: checking sys/time.h presence
configure:17899: gcc -E  conftest.c
configure:17899: $? = 0
configure:17899: result: yes
configure:17899: checking for sys/time.h
configure:17899: result: yes
configure:17899: checking for unistd.h
configure:17899: result: yes
configure:17921: checking for gettimeofday
configure:17921: gcc -o conftest -O -Wall -std=c89 -DschedYes   conftest.c  >&5
configure:17921: $? = 0
configure:17921: result: yes
configure:17931: Build using MKLINCLUDE=
configure:17933: Build using MKLPATH=
configure:17935: Build using FC=gfortran
configure:17937: Build using FCFLAGS=-O -Wall -std=f2003 -fall-intrinsics -ffree-line-length-none -DschedYes
configure:17939: Build using LDFLAGS=
configure:17941: Build using F77=gfortran
configure:17943: Build using FFLAGS=-O -Wall -std=f2003 -fall-intrinsics -ffree-line-length-none -DschedYes
configure:17945: Build using FCLIBS= -L/usr/lib/gcc/x86_64-linux-gnu/4.9 -L/usr/lib/gcc/x86_64-linux-gnu/4.9/../../../x86_64-linux-gnu -L/usr/lib/gcc/x86_64-linux-gnu/4.9/../../../../lib -L/lib/x86_64-linux-gnu -L/lib/../lib -L/usr/lib/x86_64-linux-gnu -L/usr/lib/../lib -L/usr/lib/gcc/x86_64-linux-gnu/4.9/../../.. -lgfortran -lm -lquadmath
configure:17947: Build using CC=gcc
configure:17949: Build using CFLAGS=-O -Wall -std=c89 -DschedYes
configure:17951: Build using CPPFLAGS=
configure:17953: Build using CPP=gcc -E
configure:17955: Build using openmp_fc_flags=-fopenmp
configure:17957: Build using sched_flags=-DschedYes
configure:17959: Build using nofor_main_flag=
configure:17961: Build using f95_cpp_input_flag=-x f95-cpp-input
configure:17963: Build using openmp_cc_flags=-fopenmp
configure:17965: Build using dfftpack_lib_flags=
configure:17967: Build using blas_lib_flags=-lblas
configure:17969: Build using lapack_lib_flags=-llapack
configure:17971: Build using use_mkl_flag=
configure:17973: Build using mkl_include_dir=
configure:17975: Build using mkl_lib_dir=
configure:17977: Build using mkl_include_dir_flag=
configure:17979: Build using mkl_lib_dir_flag=
configure:17981: Build using mkl_cc_lib_flags=
configure:17983: Build using mkl_fc_lib_flags=
configure:17985: Build using intel_extra_cc_lib_flags=
configure:17987: Build using intel_extra_fc_lib_flags=
configure:18119: creating ./config.status

## ---------------------- ##
## Running config.status. ##
## ---------------------- ##

This file was extended by StructPack config.status 1.2, which was
generated by GNU Autoconf 2.65.  Invocation command line was

  CONFIG_FILES    = 
  CONFIG_HEADERS  = 
  CONFIG_LINKS    = 
  CONFIG_COMMANDS = 
  $ ./config.status 

on momo

config.status:1224: creating Makefile
config.status:1224: creating utils/Makefile
config.status:1224: creating utils/dfftpack/Makefile
config.status:1224: creating src/Makefile
config.status:1224: creating src/dctii/Makefile
config.status:1224: creating src/dst/Makefile
config.status:1224: creating src/rft/Makefile
config.status:1224: creating src/conv/Makefile
config.status:1224: creating src/diagc/Makefile
config.status:1224: creating src/dts/Makefile
config.status:1224: creating src/dpis/Makefile
config.status:1224: creating src/dt/Makefile
config.status:1224: creating src/dtspg/Makefile
config.status:1224: creating mex/Makefile
config.status:1224: creating mex/create_mex_files.sh
config.status:1224: creating doc/Makefile
config.status:1224: creating examples/Makefile
config.status:1224: creating examples/create_examples.sh
config.status:1224: creating config.h
config.status:1444: executing depfiles commands
config.status:1444: executing libtool commands

## ---------------- ##
## Cache variables. ##
## ---------------- ##

ac_cv_build=x86_64-unknown-linux-gnu
ac_cv_c_compiler_gnu=yes
ac_cv_env_CC_set=
ac_cv_env_CC_value=
ac_cv_env_CFLAGS_set=
ac_cv_env_CFLAGS_value=
ac_cv_env_CPPFLAGS_set=
ac_cv_env_CPPFLAGS_value=
ac_cv_env_CPP_set=
ac_cv_env_CPP_value=
ac_cv_env_F77_set=
ac_cv_env_F77_value=
ac_cv_env_FCFLAGS_set=
ac_cv_env_FCFLAGS_value=
ac_cv_env_FC_set=
ac_cv_env_FC_value=
ac_cv_env_FFLAGS_set=
ac_cv_env_FFLAGS_value=
ac_cv_env_LDFLAGS_set=
ac_cv_env_LDFLAGS_value=
ac_cv_env_LIBS_set=
ac_cv_env_LIBS_value=
ac_cv_env_MKLINCLUDE_set=
ac_cv_env_MKLINCLUDE_value=
ac_cv_env_MKLPATH_set=
ac_cv_env_MKLPATH_value=
ac_cv_env_build_alias_set=
ac_cv_env_build_alias_value=
ac_cv_env_host_alias_set=
ac_cv_env_host_alias_value=
ac_cv_env_target_alias_set=
ac_cv_env_target_alias_value=
ac_cv_f77_compiler_gnu=yes
ac_cv_fc_compiler_gnu=yes
ac_cv_fc_dummy_main=none
ac_cv_fc_libs=' -L/usr/lib/gcc/x86_64-linux-gnu/4.9 -L/usr/lib/gcc/x86_64-linux-gnu/4.9/../../../x86_64-linux-gnu -L/usr/lib/gcc/x86_64-linux-gnu/4.9/../../../../lib -L/lib/x86_64-linux-gnu -L/lib/../lib -L/usr/lib/x86_64-linux-gnu -L/usr/lib/../lib -L/usr/lib/gcc/x86_64-linux-gnu/4.9/../../.. -lgfortran -lm -lquadmath'
ac_cv_fc_mangling='lower case, underscore, no extra underscore'
ac_cv_fortran_dummy_main=none
ac_cv_func_gettimeofday=yes
ac_cv_header_dlfcn_h=yes
ac_cv_header_inttypes_h=yes
ac_cv_header_memory_h=yes
ac_cv_header_sched_h=yes
ac_cv_header_stdc=yes
ac_cv_header_stdint_h=yes
ac_cv_header_stdlib_h=yes
ac_cv_header_string_h=yes
ac_cv_header_strings_h=yes
ac_cv_header_sys_stat_h=yes
ac_cv_header_sys_time_h=yes
ac_cv_header_sys_types_h=yes
ac_cv_header_unistd_h=yes
ac_cv_host=x86_64-unknown-linux-gnu
ac_cv_objext=o
ac_cv_path_EGREP='/bin/grep -E'
ac_cv_path_FGREP='/bin/grep -F'
ac_cv_path_GREP=/bin/grep
ac_cv_path_SED=/bin/sed
ac_cv_path_install='/usr/bin/install -c'
ac_cv_path_mkdir=/bin/mkdir
ac_cv_prog_AWK=mawk
ac_cv_prog_CPP='gcc -E'
ac_cv_prog_ac_ct_AR=ar
ac_cv_prog_ac_ct_CC=gcc
ac_cv_prog_ac_ct_FC=gfortran
ac_cv_prog_ac_ct_OBJDUMP=objdump
ac_cv_prog_ac_ct_RANLIB=ranlib
ac_cv_prog_ac_ct_STRIP=strip
ac_cv_prog_cc_c89=
ac_cv_prog_cc_g=yes
ac_cv_prog_f77_g=yes
ac_cv_prog_fc_g=yes
ac_cv_prog_fc_v=-v
ac_cv_prog_make_make_set=yes
am_cv_CC_dependencies_compiler_type=gcc3
lt_cv_deplibs_check_method=pass_all
lt_cv_file_magic_cmd='$MAGIC_CMD'
lt_cv_file_magic_test_file=
lt_cv_ld_reload_flag=-r
lt_cv_nm_interface='BSD nm'
lt_cv_objdir=.libs
lt_cv_path_LD=/usr/bin/ld
lt_cv_path_NM='/usr/bin/nm -B'
lt_cv_prog_compiler_c_o=yes
lt_cv_prog_compiler_c_o_F77=yes
lt_cv_prog_compiler_c_o_FC=yes
lt_cv_prog_compiler_pic_works=yes
lt_cv_prog_compiler_pic_works_F77=yes
lt_cv_prog_compiler_pic_works_FC=yes
lt_cv_prog_compiler_rtti_exceptions=no
lt_cv_prog_compiler_static_works=yes
lt_cv_prog_compiler_static_works_F77=yes
lt_cv_prog_compiler_static_works_FC=yes
lt_cv_prog_gnu_ld=yes
lt_cv_sys_global_symbol_pipe='sed -n -e '\''s/^.*[	 ]\([ABCDGIRSTW][ABCDGIRSTW]*\)[	 ][	 ]*\([_A-Za-z][_A-Za-z0-9]*\)$/\1 \2 \2/p'\'''
lt_cv_sys_global_symbol_to_c_name_address='sed -n -e '\''s/^: \([^ ]*\) $/  {\"\1\", (void *) 0},/p'\'' -e '\''s/^[ABCDGIRSTW]* \([^ ]*\) \([^ ]*\)$/  {"\2", (void *) \&\2},/p'\'''
lt_cv_sys_global_symbol_to_c_name_address_lib_prefix='sed -n -e '\''s/^: \([^ ]*\) $/  {\"\1\", (void *) 0},/p'\'' -e '\''s/^[ABCDGIRSTW]* \([^ ]*\) \(lib[^ ]*\)$/  {"\2", (void *) \&\2},/p'\'' -e '\''s/^[ABCDGIRSTW]* \([^ ]*\) \([^ ]*\)$/  {"lib\2", (void *) \&\2},/p'\'''
lt_cv_sys_global_symbol_to_cdecl='sed -n -e '\''s/^T .* \(.*\)$/extern int \1();/p'\'' -e '\''s/^[ABCDGIRSTW]* .* \(.*\)$/extern char \1;/p'\'''
lt_cv_sys_max_cmd_len=1572864

## ----------------- ##
## Output variables. ##
## ----------------- ##

ACLOCAL='${SHELL} /home/pilar/Master/PCyAC/programacion/structpack-1.2/config/missing --run aclocal-1.11'
AMDEPBACKSLASH='\'
AMDEP_FALSE='#'
AMDEP_TRUE=''
AMTAR='${SHELL} /home/pilar/Master/PCyAC/programacion/structpack-1.2/config/missing --run tar'
AR='ar'
AUTOCONF='${SHELL} /home/pilar/Master/PCyAC/programacion/structpack-1.2/config/missing --run autoconf'
AUTOHEADER='${SHELL} /home/pilar/Master/PCyAC/programacion/structpack-1.2/config/missing --run autoheader'
AUTOMAKE='${SHELL} /home/pilar/Master/PCyAC/programacion/structpack-1.2/config/missing --run automake-1.11'
AWK='mawk'
BUILD_DFFTPACK_FALSE='#'
BUILD_DFFTPACK_TRUE=''
CC='gcc'
CCDEPMODE='depmode=gcc3'
CFLAGS='-O -Wall -std=c89 -DschedYes'
CPP='gcc -E'
CPPFLAGS=''
CYGPATH_W='echo'
DEFS='-DHAVE_CONFIG_H'
DEPDIR='.deps'
DSYMUTIL=''
DUMPBIN=''
ECHO_C=''
ECHO_N='-n'
ECHO_T=''
EGREP='/bin/grep -E'
EXEEXT=''
F77='gfortran'
FC='gfortran'
FCFLAGS='-O -Wall -std=f2003 -fall-intrinsics -ffree-line-length-none -DschedYes'
FCLIBS=' -L/usr/lib/gcc/x86_64-linux-gnu/4.9 -L/usr/lib/gcc/x86_64-linux-gnu/4.9/../../../x86_64-linux-gnu -L/usr/lib/gcc/x86_64-linux-gnu/4.9/../../../../lib -L/lib/x86_64-linux-gnu -L/lib/../lib -L/usr/lib/x86_64-linux-gnu -L/usr/lib/../lib -L/usr/lib/gcc/x86_64-linux-gnu/4.9/../../.. -lgfortran -lm -lquadmath'
FFLAGS='-O -Wall -std=f2003 -fall-intrinsics -ffree-line-length-none -DschedYes'
FGREP='/bin/grep -F'
GREP='/bin/grep'
INSTALL_DATA='${INSTALL} -m 644'
INSTALL_PROGRAM='${INSTALL}'
INSTALL_SCRIPT='${INSTALL}'
INSTALL_STRIP_PROGRAM='$(install_sh) -c -s'
LD='/usr/bin/ld -m elf_x86_64'
LDFLAGS=''
LIBOBJS=''
LIBS=''
LIBTOOL='$(SHELL) $(top_builddir)/libtool'
LIPO=''
LN_S='ln -s'
LTLIBOBJS=''
MAKEINFO='${SHELL} /home/pilar/Master/PCyAC/programacion/structpack-1.2/config/missing --run makeinfo'
MKDIR_P='/bin/mkdir -p'
MKLINCLUDE=''
MKLPATH=''
NM='/usr/bin/nm -B'
NMEDIT=''
OBJDUMP='objdump'
OBJEXT='o'
OTOOL64=''
OTOOL=''
PACKAGE='structpack'
PACKAGE_BUGREPORT='structpack@gmail.com'
PACKAGE_NAME='StructPack'
PACKAGE_STRING='StructPack 1.2'
PACKAGE_TARNAME='structpack'
PACKAGE_URL=''
PACKAGE_VERSION='1.2'
PATH_SEPARATOR=':'
RANLIB='ranlib'
SED='/bin/sed'
SET_MAKE=''
SHELL='/bin/bash'
STRIP='strip'
USE_MKL_FALSE=''
USE_MKL_TRUE='#'
VERSION='1.2'
ac_ct_CC='gcc'
ac_ct_DUMPBIN=''
ac_ct_F77=''
ac_ct_FC='gfortran'
am__EXEEXT_FALSE=''
am__EXEEXT_TRUE='#'
am__fastdepCC_FALSE='#'
am__fastdepCC_TRUE=''
am__include='include'
am__isrc=''
am__leading_dot='.'
am__quote=''
am__tar='${AMTAR} chof - "$$tardir"'
am__untar='${AMTAR} xf -'
bindir='${exec_prefix}/bin'
blas_lib_flags='-lblas'
build='x86_64-unknown-linux-gnu'
build_alias=''
build_cpu='x86_64'
build_os='linux-gnu'
build_vendor='unknown'
datadir='${datarootdir}'
datarootdir='${prefix}/share'
dfftpack_lib_flags=''
docdir='${datarootdir}/doc/${PACKAGE_TARNAME}'
dvidir='${docdir}'
exec_prefix='${prefix}'
f95_cpp_input_flag='-x f95-cpp-input'
host='x86_64-unknown-linux-gnu'
host_alias=''
host_cpu='x86_64'
host_os='linux-gnu'
host_vendor='unknown'
htmldir='${docdir}'
includedir='${prefix}/include'
infodir='${datarootdir}/info'
install_sh='${SHELL} /home/pilar/Master/PCyAC/programacion/structpack-1.2/config/install-sh'
intel_extra_cc_lib_flags=''
intel_extra_fc_lib_flags=''
lapack_lib_flags='-llapack'
libdir='${exec_prefix}/lib'
libexecdir='${exec_prefix}/libexec'
localedir='${datarootdir}/locale'
localstatedir='${prefix}/var'
lt_ECHO='echo'
mandir='${datarootdir}/man'
mkdir_p='/bin/mkdir -p'
mkl_cc_lib_flags=''
mkl_fc_lib_flags=''
mkl_include_dir=''
mkl_include_dir_flag=''
mkl_lib_dir=''
mkl_lib_dir_flag=''
nofor_main_flag=''
oldincludedir='/usr/include'
openmp_cc_flags='-fopenmp'
openmp_fc_flags='-fopenmp'
pdfdir='${docdir}'
prefix='/usr/local'
program_transform_name='s,x,x,'
psdir='${docdir}'
sbindir='${exec_prefix}/sbin'
sharedstatedir='${prefix}/com'
sysconfdir='${prefix}/etc'
target_alias=''
use_mkl_flag=''

## ----------- ##
## confdefs.h. ##
## ----------- ##

/* confdefs.h */
#define PACKAGE_NAME "StructPack"
#define PACKAGE_TARNAME "structpack"
#define PACKAGE_VERSION "1.2"
#define PACKAGE_STRING "StructPack 1.2"
#define PACKAGE_BUGREPORT "structpack@gmail.com"
#define PACKAGE_URL ""
#define PACKAGE "structpack"
#define VERSION "1.2"
#define STDC_HEADERS 1
#define HAVE_SYS_TYPES_H 1
#define HAVE_SYS_STAT_H 1
#define HAVE_STDLIB_H 1
#define HAVE_STRING_H 1
#define HAVE_MEMORY_H 1
#define HAVE_STRINGS_H 1
#define HAVE_INTTYPES_H 1
#define HAVE_STDINT_H 1
#define HAVE_UNISTD_H 1
#define HAVE_SCHED_H 1
#define HAVE_DLFCN_H 1
#define LT_OBJDIR ".libs/"
#define HAVE_SYS_TIME_H 1
#define HAVE_UNISTD_H 1
#define HAVE_GETTIMEOFDAY 1

configure: exit 0
